This is XeTeX, Version 3.141592653-2.6-0.999994 (MiKTeX 22.3) (preloaded format=xelatex 2022.8.14)  21 NOV 2023 11:10
entering extended mode
 restricted \write18 enabled.
 %&-line parsing enabled.
**./prez.tex
(prez.tex
LaTeX2e <2022-06-01> patch level 3
L3 programming layer <2022-06-16>
(C:\Users\Wojtek\AppData\Roaming\MiKTeX\tex/latex/beamer\beamer.cls
Document Class: beamer 2022/09/13 v3.68 A class for typesetting presentations
(C:\Users\Wojtek\AppData\Roaming\MiKTeX\tex/latex/beamer\beamerbasemodes.sty
(d:\Program Files\MiKTeX\tex/latex/etoolbox\etoolbox.sty
Package: etoolbox 2020/10/05 v2.5k e-TeX tools for LaTeX (JAW)
\etb@tempcnta=\count181
)
\beamer@tempbox=\box51
\beamer@tempcount=\count182
\c@beamerpauses=\count183

(C:\Users\Wojtek\AppData\Roaming\MiKTeX\tex/latex/beamer\beamerbasedecode.sty
\beamer@slideinframe=\count184
\beamer@minimum=\count185
\beamer@decode@box=\box52
)
\beamer@commentbox=\box53
\beamer@modecount=\count186
) (d:\Program Files\MiKTeX\tex/generic/iftex\iftex.sty
Package: iftex 2022/02/03 v1.0f TeX engine tests
)
\headdp=\dimen138
\footheight=\dimen139
\sidebarheight=\dimen140
\beamer@tempdim=\dimen141
\beamer@finalheight=\dimen142
\beamer@animht=\dimen143
\beamer@animdp=\dimen144
\beamer@animwd=\dimen145
\beamer@leftmargin=\dimen146
\beamer@rightmargin=\dimen147
\beamer@leftsidebar=\dimen148
\beamer@rightsidebar=\dimen149
\beamer@boxsize=\dimen150
\beamer@vboxoffset=\dimen151
\beamer@descdefault=\dimen152
\beamer@descriptionwidth=\dimen153
\beamer@lastskip=\skip47
\beamer@areabox=\box54
\beamer@animcurrent=\box55
\beamer@animshowbox=\box56
\beamer@sectionbox=\box57
\beamer@logobox=\box58
\beamer@linebox=\box59
\beamer@sectioncount=\count187
\beamer@subsubsectionmax=\count188
\beamer@subsectionmax=\count189
\beamer@sectionmax=\count190
\beamer@totalheads=\count191
\beamer@headcounter=\count192
\beamer@partstartpage=\count193
\beamer@sectionstartpage=\count194
\beamer@subsectionstartpage=\count195
\beamer@animationtempa=\count196
\beamer@animationtempb=\count197
\beamer@xpos=\count198
\beamer@ypos=\count199
\beamer@ypos@offset=\count266
\beamer@showpartnumber=\count267
\beamer@currentsubsection=\count268
\beamer@coveringdepth=\count269
\beamer@sectionadjust=\count270
\beamer@toclastsection=\count271
\beamer@tocsectionnumber=\count272

(C:\Users\Wojtek\AppData\Roaming\MiKTeX\tex/latex/beamer\beamerbaseoptions.sty
(d:\Program Files\MiKTeX\tex/latex/graphics\keyval.sty
Package: keyval 2022/05/29 v1.15 key=value parser (DPC)
\KV@toks@=\toks16
))
\beamer@paperwidth=\skip48
\beamer@paperheight=\skip49

(C:\Users\Wojtek\AppData\Roaming\MiKTeX\tex/latex/geometry\geometry.sty
Package: geometry 2020/01/02 v5.9 Page Geometry

(d:\Program Files\MiKTeX\tex/generic/iftex\ifvtex.sty
Package: ifvtex 2019/10/25 v1.7 ifvtex legacy package. Use iftex instead.
)
\Gm@cnth=\count273
\Gm@cntv=\count274
\c@Gm@tempcnt=\count275
\Gm@bindingoffset=\dimen154
\Gm@wd@mp=\dimen155
\Gm@odd@mp=\dimen156
\Gm@even@mp=\dimen157
\Gm@layoutwidth=\dimen158
\Gm@layoutheight=\dimen159
\Gm@layouthoffset=\dimen160
\Gm@layoutvoffset=\dimen161
\Gm@dimlist=\toks17

(C:\Users\Wojtek\AppData\Roaming\MiKTeX\tex/latex/geometry\geometry.cfg))
(d:\Program Files\MiKTeX\tex/latex/pgf/math\pgfmath.sty
(d:\Program Files\MiKTeX\tex/latex/pgf/utilities\pgfrcs.sty
(d:\Program Files\MiKTeX\tex/generic/pgf/utilities\pgfutil-common.tex
\pgfutil@everybye=\toks18
\pgfutil@tempdima=\dimen162
\pgfutil@tempdimb=\dimen163

(d:\Program Files\MiKTeX\tex/generic/pgf/utilities\pgfutil-common-lists.tex))
(d:\Program Files\MiKTeX\tex/generic/pgf/utilities\pgfutil-latex.def
\pgfutil@abb=\box60
)
(d:\Program Files\MiKTeX\tex/generic/pgf/utilities\pgfrcs.code.tex
(d:\Program Files\MiKTeX\tex/generic/pgf\pgf.revision.tex)
Package: pgfrcs 2021/05/15 v3.1.9a (3.1.9a)
))
(d:\Program Files\MiKTeX\tex/latex/pgf/utilities\pgfkeys.sty
(d:\Program Files\MiKTeX\tex/generic/pgf/utilities\pgfkeys.code.tex
\pgfkeys@pathtoks=\toks19
\pgfkeys@temptoks=\toks20

(d:\Program Files\MiKTeX\tex/generic/pgf/utilities\pgfkeysfiltered.code.tex
\pgfkeys@tmptoks=\toks21
)))
(d:\Program Files\MiKTeX\tex/generic/pgf/math\pgfmath.code.tex
(d:\Program Files\MiKTeX\tex/generic/pgf/math\pgfmathcalc.code.tex
(d:\Program Files\MiKTeX\tex/generic/pgf/math\pgfmathutil.code.tex
\pgf@x=\dimen164
\pgf@xa=\dimen165
\pgf@xb=\dimen166
\pgf@xc=\dimen167
\pgf@y=\dimen168
\pgf@ya=\dimen169
\pgf@yb=\dimen170
\pgf@yc=\dimen171
\c@pgf@counta=\count276
\c@pgf@countb=\count277
\c@pgf@countc=\count278
\c@pgf@countd=\count279
)
(d:\Program Files\MiKTeX\tex/generic/pgf/math\pgfmathparser.code.tex
\pgfmath@dimen=\dimen172
\pgfmath@count=\count280
\pgfmath@box=\box61
\pgfmath@toks=\toks22
\pgfmath@stack@operand=\toks23
\pgfmath@stack@operation=\toks24
)
(d:\Program Files\MiKTeX\tex/generic/pgf/math\pgfmathfunctions.code.tex
(d:\Program Files\MiKTeX\tex/generic/pgf/math\pgfmathfunctions.basic.code.tex)
(d:\Program Files\MiKTeX\tex/generic/pgf/math\pgfmathfunctions.trigonometric.co
de.tex)
(d:\Program Files\MiKTeX\tex/generic/pgf/math\pgfmathfunctions.random.code.tex)

(d:\Program Files\MiKTeX\tex/generic/pgf/math\pgfmathfunctions.comparison.code.
tex)
(d:\Program Files\MiKTeX\tex/generic/pgf/math\pgfmathfunctions.base.code.tex)
(d:\Program Files\MiKTeX\tex/generic/pgf/math\pgfmathfunctions.round.code.tex)
(d:\Program Files\MiKTeX\tex/generic/pgf/math\pgfmathfunctions.misc.code.tex)
(d:\Program Files\MiKTeX\tex/generic/pgf/math\pgfmathfunctions.integerarithmeti
cs.code.tex)))
(d:\Program Files\MiKTeX\tex/generic/pgf/math\pgfmathfloat.code.tex
\c@pgfmathroundto@lastzeros=\count281
)))
(d:\Program Files\MiKTeX\tex/latex/base\size11.clo
File: size11.clo 2021/10/04 v1.4n Standard LaTeX file (size option)
)
(d:\Program Files\MiKTeX\tex/latex/pgf/basiclayer\pgfcore.sty
(d:\Program Files\MiKTeX\tex/latex/graphics\graphicx.sty
Package: graphicx 2021/09/16 v1.2d Enhanced LaTeX Graphics (DPC,SPQR)

(d:\Program Files\MiKTeX\tex/latex/graphics\graphics.sty
Package: graphics 2022/03/10 v1.4e Standard LaTeX Graphics (DPC,SPQR)

(d:\Program Files\MiKTeX\tex/latex/graphics\trig.sty
Package: trig 2021/08/11 v1.11 sin cos tan (DPC)
)
(d:\Program Files\MiKTeX\tex/latex/graphics-cfg\graphics.cfg
File: graphics.cfg 2016/06/04 v1.11 sample graphics configuration
)
Package graphics Info: Driver file: xetex.def on input line 107.

(d:\Program Files\MiKTeX\tex/latex/graphics-def\xetex.def
File: xetex.def 2022/04/16 v5.0m Graphics/color driver for xetex
))
\Gin@req@height=\dimen173
\Gin@req@width=\dimen174
)
(d:\Program Files\MiKTeX\tex/latex/pgf/systemlayer\pgfsys.sty
(d:\Program Files\MiKTeX\tex/generic/pgf/systemlayer\pgfsys.code.tex
Package: pgfsys 2021/05/15 v3.1.9a (3.1.9a)

(d:\Program Files\MiKTeX\tex/generic/pgf/utilities\pgfkeys.code.tex)
\pgf@x=\dimen175
\pgf@y=\dimen176
\pgf@xa=\dimen177
\pgf@ya=\dimen178
\pgf@xb=\dimen179
\pgf@yb=\dimen180
\pgf@xc=\dimen181
\pgf@yc=\dimen182
\pgf@xd=\dimen183
\pgf@yd=\dimen184
\w@pgf@writea=\write3
\r@pgf@reada=\read2
\c@pgf@counta=\count282
\c@pgf@countb=\count283
\c@pgf@countc=\count284
\c@pgf@countd=\count285
\t@pgf@toka=\toks25
\t@pgf@tokb=\toks26
\t@pgf@tokc=\toks27
\pgf@sys@id@count=\count286

(d:\Program Files\MiKTeX\tex/generic/pgf/systemlayer\pgf.cfg
File: pgf.cfg 2021/05/15 v3.1.9a (3.1.9a)
)
Driver file for pgf: pgfsys-xetex.def

(d:\Program Files\MiKTeX\tex/generic/pgf/systemlayer\pgfsys-xetex.def
File: pgfsys-xetex.def 2021/05/15 v3.1.9a (3.1.9a)

(d:\Program Files\MiKTeX\tex/generic/pgf/systemlayer\pgfsys-dvipdfmx.def
File: pgfsys-dvipdfmx.def 2021/05/15 v3.1.9a (3.1.9a)

(d:\Program Files\MiKTeX\tex/generic/pgf/systemlayer\pgfsys-common-pdf.def
File: pgfsys-common-pdf.def 2021/05/15 v3.1.9a (3.1.9a)
)
\pgfsys@objnum=\count287
)))
(d:\Program Files\MiKTeX\tex/generic/pgf/systemlayer\pgfsyssoftpath.code.tex
File: pgfsyssoftpath.code.tex 2021/05/15 v3.1.9a (3.1.9a)
\pgfsyssoftpath@smallbuffer@items=\count288
\pgfsyssoftpath@bigbuffer@items=\count289
)
(d:\Program Files\MiKTeX\tex/generic/pgf/systemlayer\pgfsysprotocol.code.tex
File: pgfsysprotocol.code.tex 2021/05/15 v3.1.9a (3.1.9a)
))
(d:\Program Files\MiKTeX\tex/latex/xcolor\xcolor.sty
Package: xcolor 2022/06/12 v2.14 LaTeX color extensions (UK)

(d:\Program Files\MiKTeX\tex/latex/graphics-cfg\color.cfg
File: color.cfg 2016/01/02 v1.6 sample color configuration
)
Package xcolor Info: Driver file: xetex.def on input line 227.

(C:\Users\Wojtek\AppData\Roaming\MiKTeX\tex/latex-dev/graphics\mathcolor.ltx)
Package xcolor Info: Model `cmy' substituted by `cmy0' on input line 1353.
Package xcolor Info: Model `RGB' extended on input line 1369.
Package xcolor Info: Model `HTML' substituted by `rgb' on input line 1371.
Package xcolor Info: Model `Hsb' substituted by `hsb' on input line 1372.
Package xcolor Info: Model `tHsb' substituted by `hsb' on input line 1373.
Package xcolor Info: Model `HSB' substituted by `hsb' on input line 1374.
Package xcolor Info: Model `Gray' substituted by `gray' on input line 1375.
Package xcolor Info: Model `wave' substituted by `hsb' on input line 1376.
)
(d:\Program Files\MiKTeX\tex/generic/pgf/basiclayer\pgfcore.code.tex
Package: pgfcore 2021/05/15 v3.1.9a (3.1.9a)

(d:\Program Files\MiKTeX\tex/generic/pgf/math\pgfmath.code.tex)
(d:\Program Files\MiKTeX\tex/generic/pgf/math\pgfint.code.tex)
(d:\Program Files\MiKTeX\tex/generic/pgf/basiclayer\pgfcorepoints.code.tex
File: pgfcorepoints.code.tex 2021/05/15 v3.1.9a (3.1.9a)
\pgf@picminx=\dimen185
\pgf@picmaxx=\dimen186
\pgf@picminy=\dimen187
\pgf@picmaxy=\dimen188
\pgf@pathminx=\dimen189
\pgf@pathmaxx=\dimen190
\pgf@pathminy=\dimen191
\pgf@pathmaxy=\dimen192
\pgf@xx=\dimen193
\pgf@xy=\dimen194
\pgf@yx=\dimen195
\pgf@yy=\dimen196
\pgf@zx=\dimen197
\pgf@zy=\dimen198
)
(d:\Program Files\MiKTeX\tex/generic/pgf/basiclayer\pgfcorepathconstruct.code.t
ex
File: pgfcorepathconstruct.code.tex 2021/05/15 v3.1.9a (3.1.9a)
\pgf@path@lastx=\dimen199
\pgf@path@lasty=\dimen256
)
(d:\Program Files\MiKTeX\tex/generic/pgf/basiclayer\pgfcorepathusage.code.tex
File: pgfcorepathusage.code.tex 2021/05/15 v3.1.9a (3.1.9a)
\pgf@shorten@end@additional=\dimen257
\pgf@shorten@start@additional=\dimen258
)
(d:\Program Files\MiKTeX\tex/generic/pgf/basiclayer\pgfcorescopes.code.tex
File: pgfcorescopes.code.tex 2021/05/15 v3.1.9a (3.1.9a)
\pgfpic=\box62
\pgf@hbox=\box63
\pgf@layerbox@main=\box64
\pgf@picture@serial@count=\count290
)
(d:\Program Files\MiKTeX\tex/generic/pgf/basiclayer\pgfcoregraphicstate.code.te
x
File: pgfcoregraphicstate.code.tex 2021/05/15 v3.1.9a (3.1.9a)
\pgflinewidth=\dimen259
)
(d:\Program Files\MiKTeX\tex/generic/pgf/basiclayer\pgfcoretransformations.code
.tex
File: pgfcoretransformations.code.tex 2021/05/15 v3.1.9a (3.1.9a)
\pgf@pt@x=\dimen260
\pgf@pt@y=\dimen261
\pgf@pt@temp=\dimen262
) (d:\Program Files\MiKTeX\tex/generic/pgf/basiclayer\pgfcorequick.code.tex
File: pgfcorequick.code.tex 2021/05/15 v3.1.9a (3.1.9a)
) (d:\Program Files\MiKTeX\tex/generic/pgf/basiclayer\pgfcoreobjects.code.tex
File: pgfcoreobjects.code.tex 2021/05/15 v3.1.9a (3.1.9a)
)
(d:\Program Files\MiKTeX\tex/generic/pgf/basiclayer\pgfcorepathprocessing.code.
tex
File: pgfcorepathprocessing.code.tex 2021/05/15 v3.1.9a (3.1.9a)
) (d:\Program Files\MiKTeX\tex/generic/pgf/basiclayer\pgfcorearrows.code.tex
File: pgfcorearrows.code.tex 2021/05/15 v3.1.9a (3.1.9a)
\pgfarrowsep=\dimen263
) (d:\Program Files\MiKTeX\tex/generic/pgf/basiclayer\pgfcoreshade.code.tex
File: pgfcoreshade.code.tex 2021/05/15 v3.1.9a (3.1.9a)
\pgf@max=\dimen264
\pgf@sys@shading@range@num=\count291
\pgf@shadingcount=\count292
)
(d:\Program Files\MiKTeX\tex/generic/pgf/basiclayer\pgfcoreimage.code.tex
File: pgfcoreimage.code.tex 2021/05/15 v3.1.9a (3.1.9a)

(d:\Program Files\MiKTeX\tex/generic/pgf/basiclayer\pgfcoreexternal.code.tex
File: pgfcoreexternal.code.tex 2021/05/15 v3.1.9a (3.1.9a)
\pgfexternal@startupbox=\box65
))
(d:\Program Files\MiKTeX\tex/generic/pgf/basiclayer\pgfcorelayers.code.tex
File: pgfcorelayers.code.tex 2021/05/15 v3.1.9a (3.1.9a)
)
(d:\Program Files\MiKTeX\tex/generic/pgf/basiclayer\pgfcoretransparency.code.te
x
File: pgfcoretransparency.code.tex 2021/05/15 v3.1.9a (3.1.9a)
) (d:\Program Files\MiKTeX\tex/generic/pgf/basiclayer\pgfcorepatterns.code.tex
File: pgfcorepatterns.code.tex 2021/05/15 v3.1.9a (3.1.9a)
) (d:\Program Files\MiKTeX\tex/generic/pgf/basiclayer\pgfcorerdf.code.tex
File: pgfcorerdf.code.tex 2021/05/15 v3.1.9a (3.1.9a)
)))
(d:\Program Files\MiKTeX\tex/latex/pgf/utilities\xxcolor.sty
Package: xxcolor 2003/10/24 ver 0.1
\XC@nummixins=\count293
\XC@countmixins=\count294
)
(d:\Program Files\MiKTeX\tex/latex/base\atbegshi-ltx.sty
Package: atbegshi-ltx 2021/01/10 v1.0c Emulation of the original atbegshi
package with kernel methods
)
(d:\Program Files\MiKTeX\tex/latex/hyperref\hyperref.sty
Package: hyperref 2022-06-20 v7.00s Hypertext links for LaTeX

(C:\Users\Wojtek\AppData\Roaming\MiKTeX\tex/generic/ltxcmds\ltxcmds.sty
Package: ltxcmds 2020-05-10 v1.25 LaTeX kernel commands for general use (HO)
)
(d:\Program Files\MiKTeX\tex/generic/pdftexcmds\pdftexcmds.sty
Package: pdftexcmds 2020-06-27 v0.33 Utility functions of pdfTeX for LuaTeX (HO
)

(C:\Users\Wojtek\AppData\Roaming\MiKTeX\tex/generic/infwarerr\infwarerr.sty
Package: infwarerr 2019/12/03 v1.5 Providing info/warning/error messages (HO)
)
Package pdftexcmds Info: \pdf@primitive is available.
Package pdftexcmds Info: \pdf@ifprimitive is available.
Package pdftexcmds Info: \pdfdraftmode not found.
)
(C:\Users\Wojtek\AppData\Roaming\MiKTeX\tex/generic/kvsetkeys\kvsetkeys.sty
Package: kvsetkeys 2019/12/15 v1.18 Key value parser (HO)
)
(C:\Users\Wojtek\AppData\Roaming\MiKTeX\tex/generic/kvdefinekeys\kvdefinekeys.s
ty
Package: kvdefinekeys 2019-12-19 v1.6 Define keys (HO)
) (C:\Users\Wojtek\AppData\Roaming\MiKTeX\tex/generic/pdfescape\pdfescape.sty
Package: pdfescape 2019/12/09 v1.15 Implements pdfTeX's escape features (HO)
) (C:\Users\Wojtek\AppData\Roaming\MiKTeX\tex/latex/hycolor\hycolor.sty
Package: hycolor 2020-01-27 v1.10 Color options for hyperref/bookmark (HO)
)
(C:\Users\Wojtek\AppData\Roaming\MiKTeX\tex/latex/letltxmacro\letltxmacro.sty
Package: letltxmacro 2019/12/03 v1.6 Let assignment for LaTeX macros (HO)
)
(C:\Users\Wojtek\AppData\Roaming\MiKTeX\tex/latex/auxhook\auxhook.sty
Package: auxhook 2019-12-17 v1.6 Hooks for auxiliary files (HO)
)
(d:\Program Files\MiKTeX\tex/latex/hyperref\nameref.sty
Package: nameref 2022-05-17 v2.50 Cross-referencing by name of section

(C:\Users\Wojtek\AppData\Roaming\MiKTeX\tex/latex/refcount\refcount.sty
Package: refcount 2019/12/15 v3.6 Data extraction from label references (HO)
)
(C:\Users\Wojtek\AppData\Roaming\MiKTeX\tex/generic/gettitlestring\gettitlestri
ng.sty
Package: gettitlestring 2019/12/15 v1.6 Cleanup title references (HO)

(C:\Users\Wojtek\AppData\Roaming\MiKTeX\tex/latex/kvoptions\kvoptions.sty
Package: kvoptions 2022-06-15 v3.15 Key value format for package options (HO)
))
\c@section@level=\count295
)
\@linkdim=\dimen265
\Hy@linkcounter=\count296
\Hy@pagecounter=\count297

(d:\Program Files\MiKTeX\tex/latex/hyperref\pd1enc.def
File: pd1enc.def 2022-06-20 v7.00s Hyperref: PDFDocEncoding definition (HO)
)
(C:\Users\Wojtek\AppData\Roaming\MiKTeX\tex/generic/intcalc\intcalc.sty
Package: intcalc 2019/12/15 v1.3 Expandable calculations with integers (HO)
)
(C:\Users\Wojtek\AppData\Roaming\MiKTeX\tex/generic/etexcmds\etexcmds.sty
Package: etexcmds 2019/12/15 v1.7 Avoid name clashes with e-TeX commands (HO)
)
\Hy@SavedSpaceFactor=\count298

(d:\Program Files\MiKTeX\tex/latex/hyperref\puenc.def
File: puenc.def 2022-06-20 v7.00s Hyperref: PDF Unicode definition (HO)
)
Package hyperref Info: Option `bookmarks' set `true' on input line 4045.
Package hyperref Info: Option `bookmarksopen' set `true' on input line 4045.
Package hyperref Info: Option `implicit' set `false' on input line 4045.
Package hyperref Info: Hyper figures OFF on input line 4162.
Package hyperref Info: Link nesting OFF on input line 4167.
Package hyperref Info: Hyper index ON on input line 4170.
Package hyperref Info: Plain pages OFF on input line 4177.
Package hyperref Info: Backreferencing OFF on input line 4182.
Package hyperref Info: Implicit mode OFF; no redefinition of LaTeX internals.
Package hyperref Info: Bookmarks ON on input line 4408.
\c@Hy@tempcnt=\count299

(d:\Program Files\MiKTeX\tex/latex/url\url.sty
\Urlmuskip=\muskip16
Package: url 2013/09/16  ver 3.4  Verb mode for urls, etc.
)
LaTeX Info: Redefining \url on input line 4746.
\XeTeXLinkMargin=\dimen266

(C:\Users\Wojtek\AppData\Roaming\MiKTeX\tex/generic/bitset\bitset.sty
Package: bitset 2019/12/09 v1.3 Handle bit-vector datatype (HO)

(C:\Users\Wojtek\AppData\Roaming\MiKTeX\tex/generic/bigintcalc\bigintcalc.sty
Package: bigintcalc 2019/12/15 v1.5 Expandable calculations on big integers (HO
)
))
\Fld@menulength=\count300
\Field@Width=\dimen267
\Fld@charsize=\dimen268
Package hyperref Info: Hyper figures OFF on input line 6024.
Package hyperref Info: Link nesting OFF on input line 6029.
Package hyperref Info: Hyper index ON on input line 6032.
Package hyperref Info: backreferencing OFF on input line 6039.
Package hyperref Info: Link coloring OFF on input line 6044.
Package hyperref Info: Link coloring with OCG OFF on input line 6049.
Package hyperref Info: PDF/A mode OFF on input line 6054.
\Hy@abspage=\count301

Package hyperref Message: Stopped early.

)
Package hyperref Info: Driver (autodetected): hxetex.
 (d:\Program Files\MiKTeX\tex/latex/hyperref\hxetex.def
File: hxetex.def 2022-06-20 v7.00s Hyperref driver for XeTeX

(C:\Users\Wojtek\AppData\Roaming\MiKTeX\tex/generic/stringenc\stringenc.sty
Package: stringenc 2019/11/29 v1.12 Convert strings between diff. encodings (HO
)
)
\pdfm@box=\box66
\c@Hy@AnnotLevel=\count302
\HyField@AnnotCount=\count303
\Fld@listcount=\count304
\c@bookmark@seq@number=\count305

(C:\Users\Wojtek\AppData\Roaming\MiKTeX\tex/latex/rerunfilecheck\rerunfilecheck
.sty
Package: rerunfilecheck 2019/12/05 v1.9 Rerun checks for auxiliary files (HO)
 (d:\Program Files\MiKTeX\tex/latex/base\atveryend-ltx.sty
Package: atveryend-ltx 2020/08/19 v1.0a Emulation of the original atveryend pac
kage
with kernel methods
)
(C:\Users\Wojtek\AppData\Roaming\MiKTeX\tex/generic/uniquecounter\uniquecounter
.sty
Package: uniquecounter 2019/12/15 v1.4 Provide unlimited unique counter (HO)
)
Package uniquecounter Info: New unique counter `rerunfilecheck' on input line 2
86.
))
(C:\Users\Wojtek\AppData\Roaming\MiKTeX\tex/latex/beamer\beamerbaserequires.sty

(C:\Users\Wojtek\AppData\Roaming\MiKTeX\tex/latex/beamer\beamerbasecompatibilit
y.sty)
(C:\Users\Wojtek\AppData\Roaming\MiKTeX\tex/latex/beamer\beamerbasefont.sty
(d:\Program Files\MiKTeX\tex/latex/amsfonts\amssymb.sty
Package: amssymb 2013/01/14 v3.01 AMS font symbols

(d:\Program Files\MiKTeX\tex/latex/amsfonts\amsfonts.sty
Package: amsfonts 2013/01/14 v3.01 Basic AMSFonts support
\@emptytoks=\toks28
\symAMSa=\mathgroup4
\symAMSb=\mathgroup5
LaTeX Font Info:    Redeclaring math symbol \hbar on input line 98.
LaTeX Font Info:    Overwriting math alphabet `\mathfrak' in version `bold'
(Font)                  U/euf/m/n --> U/euf/b/n on input line 106.
))
(C:\Users\Wojtek\AppData\Roaming\MiKTeX\tex/latex/sansmathaccent\sansmathaccent
.sty
Package: sansmathaccent 2020/01/31
 (C:\Users\Wojtek\AppData\Roaming\MiKTeX\tex/latex/koma-script\scrlfile.sty
Package: scrlfile 2022/10/12 v3.38 KOMA-Script package (file load hooks)

(C:\Users\Wojtek\AppData\Roaming\MiKTeX\tex/latex/koma-script\scrlfile-hook.sty
Package: scrlfile-hook 2022/10/12 v3.38 KOMA-Script package (using LaTeX hooks)

(C:\Users\Wojtek\AppData\Roaming\MiKTeX\tex/latex/koma-script\scrlogo.sty
Package: scrlogo 2022/10/12 v3.38 KOMA-Script package (logo)
)))))
(C:\Users\Wojtek\AppData\Roaming\MiKTeX\tex/latex/beamer\beamerbasetranslator.s
ty (C:\Users\Wojtek\AppData\Roaming\MiKTeX\tex/latex/translator\translator.sty
Package: translator 2021-05-31 v1.12d Easy translation of strings in LaTeX
)) (C:\Users\Wojtek\AppData\Roaming\MiKTeX\tex/latex/beamer\beamerbasemisc.sty)

(C:\Users\Wojtek\AppData\Roaming\MiKTeX\tex/latex/beamer\beamerbasetwoscreens.s
ty)
(C:\Users\Wojtek\AppData\Roaming\MiKTeX\tex/latex/beamer\beamerbaseoverlay.sty
\beamer@argscount=\count306
\beamer@lastskipcover=\skip50
\beamer@trivlistdepth=\count307
) (C:\Users\Wojtek\AppData\Roaming\MiKTeX\tex/latex/beamer\beamerbasetitle.sty)

(C:\Users\Wojtek\AppData\Roaming\MiKTeX\tex/latex/beamer\beamerbasesection.sty
\c@lecture=\count308
\c@part=\count309
\c@section=\count310
\c@subsection=\count311
\c@subsubsection=\count312
) (C:\Users\Wojtek\AppData\Roaming\MiKTeX\tex/latex/beamer\beamerbaseframe.sty
\beamer@framebox=\box67
\beamer@frametitlebox=\box68
\beamer@zoombox=\box69
\beamer@zoomcount=\count313
\beamer@zoomframecount=\count314
\beamer@frametextheight=\dimen269
\c@subsectionslide=\count315
\beamer@frametopskip=\skip51
\beamer@framebottomskip=\skip52
\beamer@frametopskipautobreak=\skip53
\beamer@framebottomskipautobreak=\skip54
\beamer@envbody=\toks29
\framewidth=\dimen270
\c@framenumber=\count316
)
(C:\Users\Wojtek\AppData\Roaming\MiKTeX\tex/latex/beamer\beamerbaseverbatim.sty
\beamer@verbatimfileout=\write4
)
(C:\Users\Wojtek\AppData\Roaming\MiKTeX\tex/latex/beamer\beamerbaseframesize.st
y
\beamer@splitbox=\box70
\beamer@autobreakcount=\count317
\beamer@autobreaklastheight=\dimen271
\beamer@frametitletoks=\toks30
\beamer@framesubtitletoks=\toks31
)
(C:\Users\Wojtek\AppData\Roaming\MiKTeX\tex/latex/beamer\beamerbaseframecompone
nts.sty
\beamer@footins=\box71
)
(C:\Users\Wojtek\AppData\Roaming\MiKTeX\tex/latex/beamer\beamerbasecolor.sty)
(C:\Users\Wojtek\AppData\Roaming\MiKTeX\tex/latex/beamer\beamerbasenotes.sty
\beamer@frameboxcopy=\box72
)
(C:\Users\Wojtek\AppData\Roaming\MiKTeX\tex/latex/beamer\beamerbasetoc.sty)
(C:\Users\Wojtek\AppData\Roaming\MiKTeX\tex/latex/beamer\beamerbasetemplates.st
y
\beamer@sbttoks=\toks32

(C:\Users\Wojtek\AppData\Roaming\MiKTeX\tex/latex/beamer\beamerbaseauxtemplates
.sty
(C:\Users\Wojtek\AppData\Roaming\MiKTeX\tex/latex/beamer\beamerbaseboxes.sty
\bmb@box=\box73
\bmb@colorbox=\box74
\bmb@boxwidth=\dimen272
\bmb@boxheight=\dimen273
\bmb@prevheight=\dimen274
\bmb@temp=\dimen275
\bmb@dima=\dimen276
\bmb@dimb=\dimen277
\bmb@prevheight=\dimen278
)
\beamer@blockheadheight=\dimen279
))
(C:\Users\Wojtek\AppData\Roaming\MiKTeX\tex/latex/beamer\beamerbaselocalstructu
re.sty (d:\Program Files\MiKTeX\tex/latex/tools\enumerate.sty
Package: enumerate 2015/07/23 v3.00 enumerate extensions (DPC)
\@enLab=\toks33
)
\beamer@bibiconwidth=\skip55
\c@figure=\count318
\c@table=\count319
\abovecaptionskip=\skip56
\belowcaptionskip=\skip57
)
(C:\Users\Wojtek\AppData\Roaming\MiKTeX\tex/latex/beamer\beamerbasenavigation.s
ty
\beamer@section@min@dim=\dimen280
)
(C:\Users\Wojtek\AppData\Roaming\MiKTeX\tex/latex/beamer\beamerbasetheorems.sty
(d:\Program Files\MiKTeX\tex/latex/amsmath\amsmath.sty
Package: amsmath 2022/04/08 v2.17n AMS math features
\@mathmargin=\skip58

For additional information on amsmath, use the `?' option.
(d:\Program Files\MiKTeX\tex/latex/amsmath\amstext.sty
Package: amstext 2021/08/26 v2.01 AMS text

(d:\Program Files\MiKTeX\tex/latex/amsmath\amsgen.sty
File: amsgen.sty 1999/11/30 v2.0 generic functions
\@emptytoks=\toks34
\ex@=\dimen281
))
(d:\Program Files\MiKTeX\tex/latex/amsmath\amsbsy.sty
Package: amsbsy 1999/11/29 v1.2d Bold Symbols
\pmbraise@=\dimen282
)
(d:\Program Files\MiKTeX\tex/latex/amsmath\amsopn.sty
Package: amsopn 2022/04/08 v2.04 operator names
)
\inf@bad=\count320
LaTeX Info: Redefining \frac on input line 234.
\uproot@=\count321
\leftroot@=\count322
LaTeX Info: Redefining \overline on input line 399.
LaTeX Info: Redefining \colon on input line 410.
\classnum@=\count323
\DOTSCASE@=\count324
LaTeX Info: Redefining \ldots on input line 496.
LaTeX Info: Redefining \dots on input line 499.
LaTeX Info: Redefining \cdots on input line 620.
\Mathstrutbox@=\box75
\strutbox@=\box76
LaTeX Info: Redefining \big on input line 722.
LaTeX Info: Redefining \Big on input line 723.
LaTeX Info: Redefining \bigg on input line 724.
LaTeX Info: Redefining \Bigg on input line 725.
\big@size=\dimen283
LaTeX Font Info:    Redeclaring font encoding OML on input line 743.
LaTeX Font Info:    Redeclaring font encoding OMS on input line 744.
\macc@depth=\count325
LaTeX Info: Redefining \bmod on input line 905.
LaTeX Info: Redefining \pmod on input line 910.
LaTeX Info: Redefining \smash on input line 940.
LaTeX Info: Redefining \relbar on input line 970.
LaTeX Info: Redefining \Relbar on input line 971.
\c@MaxMatrixCols=\count326
\dotsspace@=\muskip17
\c@parentequation=\count327
\dspbrk@lvl=\count328
\tag@help=\toks35
\row@=\count329
\column@=\count330
\maxfields@=\count331
\andhelp@=\toks36
\eqnshift@=\dimen284
\alignsep@=\dimen285
\tagshift@=\dimen286
\tagwidth@=\dimen287
\totwidth@=\dimen288
\lineht@=\dimen289
\@envbody=\toks37
\multlinegap=\skip59
\multlinetaggap=\skip60
\mathdisplay@stack=\toks38
LaTeX Info: Redefining \[ on input line 2953.
LaTeX Info: Redefining \] on input line 2954.
)
(C:\Users\Wojtek\AppData\Roaming\MiKTeX\tex/latex/amscls\amsthm.sty
Package: amsthm 2020/05/29 v2.20.6
\thm@style=\toks39
\thm@bodyfont=\toks40
\thm@headfont=\toks41
\thm@notefont=\toks42
\thm@headpunct=\toks43
\thm@preskip=\skip61
\thm@postskip=\skip62
\thm@headsep=\skip63
\dth@everypar=\toks44
)
\c@theorem=\count332
)
(C:\Users\Wojtek\AppData\Roaming\MiKTeX\tex/latex/beamer\beamerbasethemes.sty))

(C:\Users\Wojtek\AppData\Roaming\MiKTeX\tex/latex/beamer\beamerthemedefault.sty

(C:\Users\Wojtek\AppData\Roaming\MiKTeX\tex/latex/beamer\beamerfontthemedefault
.sty)
(C:\Users\Wojtek\AppData\Roaming\MiKTeX\tex/latex/beamer\beamercolorthemedefaul
t.sty)
(C:\Users\Wojtek\AppData\Roaming\MiKTeX\tex/latex/beamer\beamerinnerthemedefaul
t.sty
\beamer@dima=\dimen290
\beamer@dimb=\dimen291
)
(C:\Users\Wojtek\AppData\Roaming\MiKTeX\tex/latex/beamer\beamerouterthemedefaul
t.sty))) (styles/prez_wmini_pl.sty
(d:\Program Files\MiKTeX\tex/latex/fontspec\fontspec.sty
(d:\Program Files\MiKTeX\tex/latex/l3packages/xparse\xparse.sty
(d:\Program Files\MiKTeX\tex/latex/l3kernel\expl3.sty
Package: expl3 2022-06-16 L3 programming layer (loader) 

(d:\Program Files\MiKTeX\tex/latex/l3backend\l3backend-xetex.def
File: l3backend-xetex.def 2022-04-20 L3 backend support: XeTeX
\g__graphics_track_int=\count333
\l__pdf_internal_box=\box77
\g__pdf_backend_object_int=\count334
\g__pdf_backend_annotation_int=\count335
\g__pdf_backend_link_int=\count336
))
Package: xparse 2022-06-22 L3 Experimental document command parser
)
Package: fontspec 2022/01/15 v2.8a Font selection for XeLaTeX and LuaLaTeX

(d:\Program Files\MiKTeX\tex/latex/fontspec\fontspec-xetex.sty
Package: fontspec-xetex 2022/01/15 v2.8a Font selection for XeLaTeX and LuaLaTe
X
\l__fontspec_script_int=\count337
\l__fontspec_language_int=\count338
\l__fontspec_strnum_int=\count339
\l__fontspec_tmp_int=\count340
\l__fontspec_tmpa_int=\count341
\l__fontspec_tmpb_int=\count342
\l__fontspec_tmpc_int=\count343
\l__fontspec_em_int=\count344
\l__fontspec_emdef_int=\count345
\l__fontspec_strong_int=\count346
\l__fontspec_strongdef_int=\count347
\l__fontspec_tmpa_dim=\dimen292
\l__fontspec_tmpb_dim=\dimen293
\l__fontspec_tmpc_dim=\dimen294

(d:\Program Files\MiKTeX\tex/latex/base\fontenc.sty
Package: fontenc 2021/04/29 v2.0v Standard LaTeX package
)
(d:\Program Files\MiKTeX\tex/latex/fontspec\fontspec.cfg)))

Package fontspec Info: Could not resolve font "Adagio_Slab/BI" (it probably
(fontspec)             doesn't exist).


Package fontspec Info: Could not resolve font "Adagio_Slab/B" (it probably
(fontspec)             doesn't exist).


Package fontspec Info: Could not resolve font "Adagio_Slab/I" (it probably
(fontspec)             doesn't exist).


Package fontspec Info: Font family 'Adagio_Slab(0)' created for font
(fontspec)             'Adagio_Slab' with options [Ligatures=TeX].
(fontspec)              
(fontspec)              This font family consists of the following NFSS
(fontspec)             series/shapes:
(fontspec)              
(fontspec)             - 'normal' (m/n) with NFSS spec.:
(fontspec)             <->"Adagio_Slab/OT:script=latn;language=dflt;mapping=tex
-text;"
(fontspec)             - 'small caps'  (m/sc) with NFSS spec.: 


(C:\Users\Wojtek\AppData\Roaming\MiKTeX\tex/latex/polski\polski.sty
Package: polski 2021/08/25 v1.3.6 Polish language package
)
(d:\Program Files\MiKTeX\tex/latex/base\inputenc.sty
Package: inputenc 2021/02/14 v1.3d Input encoding file
\inpenc@prehook=\toks45
\inpenc@posthook=\toks46


Package inputenc Warning: inputenc package ignored with utf8 based engines.

)
\c@proposition=\count348

(C:\Users\Wojtek\AppData\Roaming\MiKTeX\tex/latex/beamer\beamerfontthemeprofess
ionalfonts.sty))
(C:\Users\Wojtek\AppData\Roaming\MiKTeX\tex/latex/booktabs\booktabs.sty
Package: booktabs 2020/01/12 v1.61803398 Publication quality tables
\heavyrulewidth=\dimen295
\lightrulewidth=\dimen296
\cmidrulewidth=\dimen297
\belowrulesep=\dimen298
\belowbottomsep=\dimen299
\aboverulesep=\dimen300
\abovetopsep=\dimen301
\cmidrulesep=\dimen302
\cmidrulekern=\dimen303
\defaultaddspace=\dimen304
\@cmidla=\count349
\@cmidlb=\count350
\@aboverulesep=\dimen305
\@belowrulesep=\dimen306
\@thisruleclass=\count351
\@lastruleclass=\count352
\@thisrulewidth=\dimen307
)
(C:\Users\Wojtek\AppData\Roaming\MiKTeX\tex/latex/psnfss\times.sty
Package: times 2020/03/25 PSNFSS-v9.3 (SPQR) 
)
(d:\Program Files\MiKTeX\tex/latex/tools\bm.sty
Package: bm 2021/04/25 v1.2e Bold Symbol Support (DPC/FMi)
\symboldoperators=\mathgroup6
\symboldletters=\mathgroup7
\symboldsymbols=\mathgroup8
Package bm Info: No bold for \OMX/cmex/m/n, using \pmb.
Package bm Info: No bold for \U/msa/m/n, using \pmb.
Package bm Info: No bold for \U/msb/m/n, using \pmb.
LaTeX Font Info:    Redeclaring math alphabet \mathbf on input line 149.
)
(C:\Users\Wojtek\AppData\Roaming\MiKTeX\tex/latex/beamer\beamerfontthemeserif.s
ty)
LaTeX Font Info:    Trying to load font information for TU+phv on input line 66
.
LaTeX Font Info:    No file TUphv.fd. on input line 66.


LaTeX Font Warning: Font shape `TU/phv/m/n' undefined
(Font)              using `TU/lmr/m/n' instead on input line 66.

(prez.aux)
\openout1 = `prez.aux'.

LaTeX Font Info:    Checking defaults for OML/cmm/m/it on input line 66.
LaTeX Font Info:    ... okay on input line 66.
LaTeX Font Info:    Checking defaults for OMS/cmsy/m/n on input line 66.
LaTeX Font Info:    ... okay on input line 66.
LaTeX Font Info:    Checking defaults for OT1/cmr/m/n on input line 66.
LaTeX Font Info:    ... okay on input line 66.
LaTeX Font Info:    Checking defaults for T1/cmr/m/n on input line 66.
LaTeX Font Info:    ... okay on input line 66.
LaTeX Font Info:    Checking defaults for TS1/cmr/m/n on input line 66.
LaTeX Font Info:    Trying to load font information for TS1+cmr on input line 6
6.
 (d:\Program Files\MiKTeX\tex/latex/base\ts1cmr.fd
File: ts1cmr.fd 2019/12/16 v2.5j Standard LaTeX font definitions
)
LaTeX Font Info:    ... okay on input line 66.
LaTeX Font Info:    Checking defaults for TU/lmr/m/n on input line 66.
LaTeX Font Info:    ... okay on input line 66.
LaTeX Font Info:    Checking defaults for OMX/cmex/m/n on input line 66.
LaTeX Font Info:    ... okay on input line 66.
LaTeX Font Info:    Checking defaults for U/cmr/m/n on input line 66.
LaTeX Font Info:    ... okay on input line 66.
LaTeX Font Info:    Checking defaults for PD1/pdf/m/n on input line 66.
LaTeX Font Info:    ... okay on input line 66.
LaTeX Font Info:    Checking defaults for PU/pdf/m/n on input line 66.
LaTeX Font Info:    ... okay on input line 66.

*geometry* driver: auto-detecting
*geometry* detected driver: xetex
*geometry* verbose mode - [ preamble ] result:
* driver: xetex
* paper: custom
* layout: <same size as paper>
* layoutoffset:(h,v)=(0.0pt,0.0pt)
* modes: includehead includefoot 
* h-part:(L,W,R)=(42.67912pt, 369.88583pt, 42.67912pt)
* v-part:(T,H,B)=(0.0pt, 256.0748pt, 0.0pt)
* \paperwidth=455.24408pt
* \paperheight=256.0748pt
* \textwidth=369.88583pt
* \textheight=227.62207pt
* \oddsidemargin=-29.59087pt
* \evensidemargin=-29.59087pt
* \topmargin=-72.26999pt
* \headheight=14.22636pt
* \headsep=0.0pt
* \topskip=11.0pt
* \footskip=14.22636pt
* \marginparwidth=4.0pt
* \marginparsep=10.0pt
* \columnsep=10.0pt
* \skip\footins=10.0pt plus 4.0pt minus 2.0pt
* \hoffset=0.0pt
* \voffset=0.0pt
* \mag=1000
* \@twocolumnfalse
* \@twosidefalse
* \@mparswitchfalse
* \@reversemarginfalse
* (1in=72.27pt=25.4mm, 1cm=28.453pt)

Package hyperref Info: Link coloring OFF on input line 66.
(prez.out) (prez.out)
\@outlinefile=\write5
\openout5 = `prez.out'.


(C:\Users\Wojtek\AppData\Roaming\MiKTeX\tex/latex/translator\translator-basic-d
ictionary-English.dict
Dictionary: translator-basic-dictionary, Language: English 
)
(C:\Users\Wojtek\AppData\Roaming\MiKTeX\tex/latex/translator\translator-basic-d
ictionary-Polish.dict
Dictionary: translator-basic-dictionary, Language: Polish 
)
(C:\Users\Wojtek\AppData\Roaming\MiKTeX\tex/latex/translator\translator-bibliog
raphy-dictionary-English.dict
Dictionary: translator-bibliography-dictionary, Language: English 
)
(C:\Users\Wojtek\AppData\Roaming\MiKTeX\tex/latex/translator\translator-bibliog
raphy-dictionary-Polish.dict
Dictionary: translator-bibliography-dictionary, Language: Polish 
)
(C:\Users\Wojtek\AppData\Roaming\MiKTeX\tex/latex/translator\translator-environ
ment-dictionary-English.dict
Dictionary: translator-environment-dictionary, Language: English 
)
(C:\Users\Wojtek\AppData\Roaming\MiKTeX\tex/latex/translator\translator-environ
ment-dictionary-Polish.dict
Dictionary: translator-environment-dictionary, Language: Polish 
)
(C:\Users\Wojtek\AppData\Roaming\MiKTeX\tex/latex/translator\translator-months-
dictionary-English.dict
Dictionary: translator-months-dictionary, Language: English 
)
(C:\Users\Wojtek\AppData\Roaming\MiKTeX\tex/latex/translator\translator-months-
dictionary-Polish.dict
Dictionary: translator-months-dictionary, Language: Polish 
)
(C:\Users\Wojtek\AppData\Roaming\MiKTeX\tex/latex/translator\translator-numbers
-dictionary-English.dict
Dictionary: translator-numbers-dictionary, Language: English 
)
(C:\Users\Wojtek\AppData\Roaming\MiKTeX\tex/latex/translator\translator-numbers
-dictionary-Polish.dict
Dictionary: translator-numbers-dictionary, Language: Polish 
)
(C:\Users\Wojtek\AppData\Roaming\MiKTeX\tex/latex/translator\translator-theorem
-dictionary-English.dict
Dictionary: translator-theorem-dictionary, Language: English 
)
(C:\Users\Wojtek\AppData\Roaming\MiKTeX\tex/latex/translator\translator-theorem
-dictionary-Polish.dict
Dictionary: translator-theorem-dictionary, Language: Polish 
)

Package fontspec Info: Adjusting the maths setup (use [no-math] to avoid
(fontspec)             this).

\symlegacymaths=\mathgroup9
LaTeX Font Info:    Overwriting symbol font `legacymaths' in version `bold'
(Font)                  OT1/cmr/m/n --> OT1/cmr/bx/n on input line 66.
LaTeX Font Info:    Redeclaring math accent \acute on input line 66.
LaTeX Font Info:    Redeclaring math accent \grave on input line 66.
LaTeX Font Info:    Redeclaring math accent \ddot on input line 66.
LaTeX Font Info:    Redeclaring math accent \tilde on input line 66.
LaTeX Font Info:    Redeclaring math accent \bar on input line 66.
LaTeX Font Info:    Redeclaring math accent \breve on input line 66.
LaTeX Font Info:    Redeclaring math accent \check on input line 66.
LaTeX Font Info:    Redeclaring math accent \hat on input line 66.
LaTeX Font Info:    Redeclaring math accent \dot on input line 66.
LaTeX Font Info:    Redeclaring math accent \mathring on input line 66.
LaTeX Font Info:    Redeclaring math symbol \Gamma on input line 66.
LaTeX Font Info:    Redeclaring math symbol \Delta on input line 66.
LaTeX Font Info:    Redeclaring math symbol \Theta on input line 66.
LaTeX Font Info:    Redeclaring math symbol \Lambda on input line 66.
LaTeX Font Info:    Redeclaring math symbol \Xi on input line 66.
LaTeX Font Info:    Redeclaring math symbol \Pi on input line 66.
LaTeX Font Info:    Redeclaring math symbol \Sigma on input line 66.
LaTeX Font Info:    Redeclaring math symbol \Upsilon on input line 66.
LaTeX Font Info:    Redeclaring math symbol \Phi on input line 66.
LaTeX Font Info:    Redeclaring math symbol \Psi on input line 66.
LaTeX Font Info:    Redeclaring math symbol \Omega on input line 66.
LaTeX Font Info:    Redeclaring math symbol \mathdollar on input line 66.
LaTeX Font Info:    Redeclaring symbol font `operators' on input line 66.
LaTeX Font Info:    Encoding `OT1' has changed to `TU' for symbol font
(Font)              `operators' in the math version `normal' on input line 66.
LaTeX Font Info:    Overwriting symbol font `operators' in version `normal'
(Font)                  OT1/cmr/m/n --> TU/ptm/m/n on input line 66.
LaTeX Font Info:    Encoding `OT1' has changed to `TU' for symbol font
(Font)              `operators' in the math version `bold' on input line 66.
LaTeX Font Info:    Overwriting symbol font `operators' in version `bold'
(Font)                  OT1/cmr/bx/n --> TU/ptm/m/n on input line 66.
LaTeX Font Info:    Overwriting symbol font `operators' in version `normal'
(Font)                  TU/ptm/m/n --> TU/ptm/m/n on input line 66.
LaTeX Font Info:    Overwriting math alphabet `\mathit' in version `normal'
(Font)                  OT1/cmr/m/it --> TU/ptm/m/it on input line 66.
LaTeX Font Info:    Overwriting math alphabet `\mathbf' in version `normal'
(Font)                  OT1/cmr/bx/n --> TU/ptm/b/n on input line 66.
LaTeX Font Info:    Overwriting math alphabet `\mathsf' in version `normal'
(Font)                  OT1/cmss/m/n --> TU/phv/m/n on input line 66.
LaTeX Font Info:    Overwriting math alphabet `\mathtt' in version `normal'
(Font)                  OT1/cmtt/m/n --> TU/pcr/m/n on input line 66.
LaTeX Font Info:    Overwriting symbol font `operators' in version `bold'
(Font)                  TU/ptm/m/n --> TU/ptm/b/n on input line 66.
LaTeX Font Info:    Overwriting math alphabet `\mathit' in version `bold'
(Font)                  OT1/cmr/bx/it --> TU/ptm/b/it on input line 66.
LaTeX Font Info:    Overwriting math alphabet `\mathsf' in version `bold'
(Font)                  OT1/cmss/bx/n --> TU/phv/b/n on input line 66.
LaTeX Font Info:    Overwriting math alphabet `\mathtt' in version `bold'
(Font)                  OT1/cmtt/m/n --> TU/pcr/b/n on input line 66.
 (prez.nav)
File: img/Znak_podstawowy_PL.pdf Graphic file (type pdf)
<use img/Znak_podstawowy_PL.pdf>
File: img/WMiNI-znak-RGB.pdf Graphic file (type pdf)
<use img/WMiNI-znak-RGB.pdf>
File: img/symbol-PL-mokka.pdf Graphic file (type pdf)
<use img/symbol-PL-mokka.pdf>
File: img/Znak_podstawowy_PL.pdf Graphic file (type pdf)
<use img/Znak_podstawowy_PL.pdf>
 [1

] (prez.toc)
File: img/Znak_podstawowy_PL.pdf Graphic file (type pdf)
<use img/Znak_podstawowy_PL.pdf>
 [2

]
File: ./images//logos/warthunder.png Graphic file (type bmp)
<./images//logos/warthunder.png>
File: ./images//logos/MFS.png Graphic file (type bmp)
<./images//logos/MFS.png>
LaTeX Font Info:    Trying to load font information for TU+ptm on input line 12
2.
LaTeX Font Info:    No file TUptm.fd. on input line 122.


LaTeX Font Warning: Font shape `TU/ptm/m/n' undefined
(Font)              using `TU/lmr/m/n' instead on input line 122.

LaTeX Font Info:    Trying to load font information for U+msa on input line 122
.
(d:\Program Files\MiKTeX\tex/latex/amsfonts\umsa.fd
File: umsa.fd 2013/01/14 v3.01 AMS symbols A
)
LaTeX Font Info:    Trying to load font information for U+msb on input line 122
.

(d:\Program Files\MiKTeX\tex/latex/amsfonts\umsb.fd
File: umsb.fd 2013/01/14 v3.01 AMS symbols B
)
File: ./images//logos/ardupilot.jpg Graphic file (type bmp)
<./images//logos/ardupilot.jpg>
File: ./images//logos/betaflight.png Graphic file (type bmp)
<./images//logos/betaflight.png>
File: ./images//logos/inav.png Graphic file (type bmp)
<./images//logos/inav.png>
File: ./images//logos/JSBSim.png Graphic file (type bmp)
<./images//logos/JSBSim.png>
File: ./images//logos/VBS.png Graphic file (type bmp)
<./images//logos/VBS.png>

Overfull \vbox (7.41185pt too high) detected at line 122
 []

File: img/Znak_podstawowy_PL.pdf Graphic file (type pdf)
<use img/Znak_podstawowy_PL.pdf>
[3

]
File: ./images//logos/warthunder.png Graphic file (type bmp)
<./images//logos/warthunder.png>
File: ./images//logos/MFS.png Graphic file (type bmp)
<./images//logos/MFS.png>
File: ./images//logos/ardupilot.jpg Graphic file (type bmp)
<./images//logos/ardupilot.jpg>
File: ./images//logos/betaflight.png Graphic file (type bmp)
<./images//logos/betaflight.png>
File: ./images//logos/inav.png Graphic file (type bmp)
<./images//logos/inav.png>
File: ./images//logos/JSBSim.png Graphic file (type bmp)
<./images//logos/JSBSim.png>
File: ./images//logos/VBS.png Graphic file (type bmp)
<./images//logos/VBS.png>

Overfull \vbox (7.41185pt too high) detected at line 122
 []

File: img/Znak_podstawowy_PL.pdf Graphic file (type pdf)
<use img/Znak_podstawowy_PL.pdf>
[4

]
File: ./images//logos/warthunder.png Graphic file (type bmp)
<./images//logos/warthunder.png>
File: ./images//logos/MFS.png Graphic file (type bmp)
<./images//logos/MFS.png>
File: ./images//logos/ardupilot.jpg Graphic file (type bmp)
<./images//logos/ardupilot.jpg>
File: ./images//logos/betaflight.png Graphic file (type bmp)
<./images//logos/betaflight.png>
File: ./images//logos/inav.png Graphic file (type bmp)
<./images//logos/inav.png>
File: ./images//logos/JSBSim.png Graphic file (type bmp)
<./images//logos/JSBSim.png>
File: ./images//logos/VBS.png Graphic file (type bmp)
<./images//logos/VBS.png>

Overfull \vbox (7.41185pt too high) detected at line 122
 []

File: img/Znak_podstawowy_PL.pdf Graphic file (type pdf)
<use img/Znak_podstawowy_PL.pdf>
[5

]
File: ./images//logos/warthunder.png Graphic file (type bmp)
<./images//logos/warthunder.png>
File: ./images//logos/MFS.png Graphic file (type bmp)
<./images//logos/MFS.png>
File: ./images//logos/ardupilot.jpg Graphic file (type bmp)
<./images//logos/ardupilot.jpg>
File: ./images//logos/betaflight.png Graphic file (type bmp)
<./images//logos/betaflight.png>
File: ./images//logos/inav.png Graphic file (type bmp)
<./images//logos/inav.png>
File: ./images//logos/JSBSim.png Graphic file (type bmp)
<./images//logos/JSBSim.png>
File: ./images//logos/VBS.png Graphic file (type bmp)
<./images//logos/VBS.png>

Overfull \vbox (7.41185pt too high) detected at line 122
 []

File: img/Znak_podstawowy_PL.pdf Graphic file (type pdf)
<use img/Znak_podstawowy_PL.pdf>
[6

]
File: ./images//logos/warthunder.png Graphic file (type bmp)
<./images//logos/warthunder.png>
File: ./images//logos/MFS.png Graphic file (type bmp)
<./images//logos/MFS.png>
File: ./images//logos/ardupilot.jpg Graphic file (type bmp)
<./images//logos/ardupilot.jpg>
File: ./images//logos/betaflight.png Graphic file (type bmp)
<./images//logos/betaflight.png>
File: ./images//logos/inav.png Graphic file (type bmp)
<./images//logos/inav.png>
File: ./images//logos/JSBSim.png Graphic file (type bmp)
<./images//logos/JSBSim.png>
File: ./images//logos/VBS.png Graphic file (type bmp)
<./images//logos/VBS.png>

Overfull \vbox (7.41185pt too high) detected at line 122
 []

File: img/Znak_podstawowy_PL.pdf Graphic file (type pdf)
<use img/Znak_podstawowy_PL.pdf>
[7

]
File: ./images//logos/warthunder.png Graphic file (type bmp)
<./images//logos/warthunder.png>
File: ./images//logos/MFS.png Graphic file (type bmp)
<./images//logos/MFS.png>
File: ./images//logos/ardupilot.jpg Graphic file (type bmp)
<./images//logos/ardupilot.jpg>
File: ./images//logos/betaflight.png Graphic file (type bmp)
<./images//logos/betaflight.png>
File: ./images//logos/inav.png Graphic file (type bmp)
<./images//logos/inav.png>
File: ./images//logos/JSBSim.png Graphic file (type bmp)
<./images//logos/JSBSim.png>
File: ./images//logos/VBS.png Graphic file (type bmp)
<./images//logos/VBS.png>

Overfull \vbox (7.41185pt too high) detected at line 122
 []

File: img/Znak_podstawowy_PL.pdf Graphic file (type pdf)
<use img/Znak_podstawowy_PL.pdf>
[8

]
File: ./images//logos/warthunder.png Graphic file (type bmp)
<./images//logos/warthunder.png>
File: ./images//logos/MFS.png Graphic file (type bmp)
<./images//logos/MFS.png>
File: ./images//logos/ardupilot.jpg Graphic file (type bmp)
<./images//logos/ardupilot.jpg>
File: ./images//logos/betaflight.png Graphic file (type bmp)
<./images//logos/betaflight.png>
File: ./images//logos/inav.png Graphic file (type bmp)
<./images//logos/inav.png>
File: ./images//logos/JSBSim.png Graphic file (type bmp)
<./images//logos/JSBSim.png>
File: ./images//logos/VBS.png Graphic file (type bmp)
<./images//logos/VBS.png>

Overfull \vbox (7.41185pt too high) detected at line 122
 []

File: img/Znak_podstawowy_PL.pdf Graphic file (type pdf)
<use img/Znak_podstawowy_PL.pdf>
[9

]
File: ./images//logos/warthunder.png Graphic file (type bmp)
<./images//logos/warthunder.png>
File: ./images//logos/MFS.png Graphic file (type bmp)
<./images//logos/MFS.png>
File: ./images//logos/ardupilot.jpg Graphic file (type bmp)
<./images//logos/ardupilot.jpg>
File: ./images//logos/betaflight.png Graphic file (type bmp)
<./images//logos/betaflight.png>
File: ./images//logos/inav.png Graphic file (type bmp)
<./images//logos/inav.png>
File: ./images//logos/JSBSim.png Graphic file (type bmp)
<./images//logos/JSBSim.png>
File: ./images//logos/VBS.png Graphic file (type bmp)
<./images//logos/VBS.png>

Overfull \vbox (7.41185pt too high) detected at line 122
 []

File: img/Znak_podstawowy_PL.pdf Graphic file (type pdf)
<use img/Znak_podstawowy_PL.pdf>
[10

]
File: ./images//spitfire.png Graphic file (type bmp)
<./images//spitfire.png>
File: ./images//quadcopter_fpv.png Graphic file (type bmp)
<./images//quadcopter_fpv.png>
File: ./images//missile.png Graphic file (type bmp)
<./images//missile.png>
File: ./images//helicopter_ban.png Graphic file (type bmp)
<./images//helicopter_ban.png>

Overfull \vbox (35.11263pt too high) detected at line 150
 []

File: img/Znak_podstawowy_PL.pdf Graphic file (type pdf)
<use img/Znak_podstawowy_PL.pdf>
[11

]
File: ./images//spitfire.png Graphic file (type bmp)
<./images//spitfire.png>
File: ./images//quadcopter_fpv.png Graphic file (type bmp)
<./images//quadcopter_fpv.png>
File: ./images//missile.png Graphic file (type bmp)
<./images//missile.png>
File: ./images//helicopter_ban.png Graphic file (type bmp)
<./images//helicopter_ban.png>

Overfull \vbox (35.11263pt too high) detected at line 150
 []

File: img/Znak_podstawowy_PL.pdf Graphic file (type pdf)
<use img/Znak_podstawowy_PL.pdf>
[12

]
File: ./images//spitfire.png Graphic file (type bmp)
<./images//spitfire.png>
File: ./images//quadcopter_fpv.png Graphic file (type bmp)
<./images//quadcopter_fpv.png>
File: ./images//missile.png Graphic file (type bmp)
<./images//missile.png>
File: ./images//helicopter_ban.png Graphic file (type bmp)
<./images//helicopter_ban.png>

Overfull \vbox (35.11263pt too high) detected at line 150
 []

File: img/Znak_podstawowy_PL.pdf Graphic file (type pdf)
<use img/Znak_podstawowy_PL.pdf>
[13

]
File: ./images//spitfire.png Graphic file (type bmp)
<./images//spitfire.png>
File: ./images//quadcopter_fpv.png Graphic file (type bmp)
<./images//quadcopter_fpv.png>
File: ./images//missile.png Graphic file (type bmp)
<./images//missile.png>
File: ./images//helicopter_ban.png Graphic file (type bmp)
<./images//helicopter_ban.png>

Overfull \vbox (35.11263pt too high) detected at line 150
 []

File: img/Znak_podstawowy_PL.pdf Graphic file (type pdf)
<use img/Znak_podstawowy_PL.pdf>
[14

]
File: ./images//spitfire.png Graphic file (type bmp)
<./images//spitfire.png>
File: ./images//quadcopter_fpv.png Graphic file (type bmp)
<./images//quadcopter_fpv.png>
File: ./images//missile.png Graphic file (type bmp)
<./images//missile.png>
File: ./images//helicopter_ban.png Graphic file (type bmp)
<./images//helicopter_ban.png>

Overfull \vbox (35.11263pt too high) detected at line 150
 []

File: img/Znak_podstawowy_PL.pdf Graphic file (type pdf)
<use img/Znak_podstawowy_PL.pdf>
[15

]
File: img/Znak_podstawowy_PL.pdf Graphic file (type pdf)
<use img/Znak_podstawowy_PL.pdf>
 [16

]
File: img/Znak_podstawowy_PL.pdf Graphic file (type pdf)
<use img/Znak_podstawowy_PL.pdf>
 [17

]
File: img/Znak_podstawowy_PL.pdf Graphic file (type pdf)
<use img/Znak_podstawowy_PL.pdf>
 [18

]
File: img/Znak_podstawowy_PL.pdf Graphic file (type pdf)
<use img/Znak_podstawowy_PL.pdf>
 [19

]
File: img/Znak_podstawowy_PL.pdf Graphic file (type pdf)
<use img/Znak_podstawowy_PL.pdf>
 [20

]
File: img/Znak_podstawowy_PL.pdf Graphic file (type pdf)
<use img/Znak_podstawowy_PL.pdf>
 [21

]

LaTeX Font Warning: Font shape `TU/phv/b/n' undefined
(Font)              using `TU/phv/m/n' instead on input line 182.


LaTeX Font Warning: Font shape `TU/phv/m/sc' undefined
(Font)              using `TU/phv/m/n' instead on input line 182.


Overfull \vbox (19.5357pt too high) detected at line 182
 []

File: img/Znak_podstawowy_PL.pdf Graphic file (type pdf)
<use img/Znak_podstawowy_PL.pdf>
[22

]
Overfull \vbox (19.5357pt too high) detected at line 182
 []

File: img/Znak_podstawowy_PL.pdf Graphic file (type pdf)
<use img/Znak_podstawowy_PL.pdf>
[23

]
Overfull \vbox (19.5357pt too high) detected at line 182
 []

File: img/Znak_podstawowy_PL.pdf Graphic file (type pdf)
<use img/Znak_podstawowy_PL.pdf>
[24

]
File: ./images//frames.png Graphic file (type bmp)
<./images//frames.png>

Overfull \hbox (10.17253pt too wide) in paragraph at lines 202--202
 [][] 
 []

File: ./images//RPY.png Graphic file (type bmp)
<./images//RPY.png>

Overfull \hbox (8.32288pt too wide) in paragraph at lines 202--202
 [][] 
 []

File: img/Znak_podstawowy_PL.pdf Graphic file (type pdf)
<use img/Znak_podstawowy_PL.pdf>
[25

]
File: ./images//frames.png Graphic file (type bmp)
<./images//frames.png>

Overfull \hbox (10.17253pt too wide) in paragraph at lines 202--202
 [][][] 
 []

File: ./images//RPY.png Graphic file (type bmp)
<./images//RPY.png>

Overfull \hbox (8.32288pt too wide) in paragraph at lines 202--202
 [][] 
 []

File: img/Znak_podstawowy_PL.pdf Graphic file (type pdf)
<use img/Znak_podstawowy_PL.pdf>
[26

]
File: ./images//frames.png Graphic file (type bmp)
<./images//frames.png>

Overfull \hbox (10.17253pt too wide) in paragraph at lines 202--202
 [][][] 
 []

File: ./images//RPY.png Graphic file (type bmp)
<./images//RPY.png>

Overfull \hbox (8.32288pt too wide) in paragraph at lines 202--202
 [][][] 
 []

File: img/Znak_podstawowy_PL.pdf Graphic file (type pdf)
<use img/Znak_podstawowy_PL.pdf>
[27

]
Overfull \hbox (22.74911pt too wide) detected at line 228
[]
 []


Overfull \hbox (22.66458pt too wide) detected at line 228
[]
 []

File: ./images//state_eq.png Graphic file (type bmp)
<./images//state_eq.png>
File: img/Znak_podstawowy_PL.pdf Graphic file (type pdf)
<use img/Znak_podstawowy_PL.pdf>
[28

]
Overfull \hbox (22.74911pt too wide) detected at line 228
[]
 []


Overfull \hbox (22.66458pt too wide) detected at line 228
[]
 []

File: ./images//state_eq.png Graphic file (type bmp)
<./images//state_eq.png>
File: img/Znak_podstawowy_PL.pdf Graphic file (type pdf)
<use img/Znak_podstawowy_PL.pdf>
[29

]
File: img/Znak_podstawowy_PL.pdf Graphic file (type pdf)
<use img/Znak_podstawowy_PL.pdf>
 [30

]
File: img/Znak_podstawowy_PL.pdf Graphic file (type pdf)
<use img/Znak_podstawowy_PL.pdf>
 [31

]
File: img/Znak_podstawowy_PL.pdf Graphic file (type pdf)
<use img/Znak_podstawowy_PL.pdf>
 [32

]
File: img/Znak_podstawowy_PL.pdf Graphic file (type pdf)
<use img/Znak_podstawowy_PL.pdf>
 [33

]
File: img/Znak_podstawowy_PL.pdf Graphic file (type pdf)
<use img/Znak_podstawowy_PL.pdf>
 [34

]
File: img/Znak_podstawowy_PL.pdf Graphic file (type pdf)
<use img/Znak_podstawowy_PL.pdf>
 [35

]
File: img/Znak_podstawowy_PL.pdf Graphic file (type pdf)
<use img/Znak_podstawowy_PL.pdf>
 [36

]
File: img/Znak_podstawowy_PL.pdf Graphic file (type pdf)
<use img/Znak_podstawowy_PL.pdf>
 [37

]
File: img/Znak_podstawowy_PL.pdf Graphic file (type pdf)
<use img/Znak_podstawowy_PL.pdf>
 [38

]
File: img/Znak_podstawowy_PL.pdf Graphic file (type pdf)
<use img/Znak_podstawowy_PL.pdf>
 [39

]
File: img/Znak_podstawowy_PL.pdf Graphic file (type pdf)
<use img/Znak_podstawowy_PL.pdf>
 [40

]
File: ./images//uk_reg.jpg Graphic file (type bmp)
<./images//uk_reg.jpg>

Overfull \vbox (13.13525pt too high) detected at line 319
 []

File: img/Znak_podstawowy_PL.pdf Graphic file (type pdf)
<use img/Znak_podstawowy_PL.pdf>
[41

]
File: ./images//uk_reg.jpg Graphic file (type bmp)
<./images//uk_reg.jpg>

Overfull \vbox (13.13525pt too high) detected at line 319
 []

File: img/Znak_podstawowy_PL.pdf Graphic file (type pdf)
<use img/Znak_podstawowy_PL.pdf>
[42

]
File: ./images//controller.png Graphic file (type bmp)
<./images//controller.png>

Overfull \vbox (11.75027pt too high) detected at line 326
 []

File: img/Znak_podstawowy_PL.pdf Graphic file (type pdf)
<use img/Znak_podstawowy_PL.pdf>
[43

]
File: ./images//pid.png Graphic file (type bmp)
<./images//pid.png>
File: ./images//pid_graph.png Graphic file (type bmp)
<./images//pid_graph.png>
File: img/Znak_podstawowy_PL.pdf Graphic file (type pdf)
<use img/Znak_podstawowy_PL.pdf>
 [44

]
File: ./images//pid.png Graphic file (type bmp)
<./images//pid.png>
File: ./images//pid_graph.png Graphic file (type bmp)
<./images//pid_graph.png>
File: img/Znak_podstawowy_PL.pdf Graphic file (type pdf)
<use img/Znak_podstawowy_PL.pdf>
 [45

]
File: ./images//pid.png Graphic file (type bmp)
<./images//pid.png>
File: ./images//pid_graph.png Graphic file (type bmp)
<./images//pid_graph.png>
File: img/Znak_podstawowy_PL.pdf Graphic file (type pdf)
<use img/Znak_podstawowy_PL.pdf>
 [46

]
File: ./images//pid_cascade.jpg Graphic file (type bmp)
<./images//pid_cascade.jpg>

Overfull \hbox (18.4954pt too wide) in paragraph at lines 354--354
 [] 
 []


Overfull \vbox (27.59377pt too high) detected at line 354
 []

File: img/Znak_podstawowy_PL.pdf Graphic file (type pdf)
<use img/Znak_podstawowy_PL.pdf>
[47

]
File: ./images//kalman.png Graphic file (type bmp)
<./images//kalman.png>
File: img/Znak_podstawowy_PL.pdf Graphic file (type pdf)
<use img/Znak_podstawowy_PL.pdf>
 [48

]
File: ./images//kalman.png Graphic file (type bmp)
<./images//kalman.png>
File: img/Znak_podstawowy_PL.pdf Graphic file (type pdf)
<use img/Znak_podstawowy_PL.pdf>
 [49

]
File: img/Znak_podstawowy_PL.pdf Graphic file (type pdf)
<use img/Znak_podstawowy_PL.pdf>
 [50

]
File: img/Znak_podstawowy_PL.pdf Graphic file (type pdf)
<use img/Znak_podstawowy_PL.pdf>
 [51

]
File: img/Znak_podstawowy_PL.pdf Graphic file (type pdf)
<use img/Znak_podstawowy_PL.pdf>
 [52

]
File: img/Znak_podstawowy_PL.pdf Graphic file (type pdf)
<use img/Znak_podstawowy_PL.pdf>
 [53

]
File: img/Znak_podstawowy_PL.pdf Graphic file (type pdf)
<use img/Znak_podstawowy_PL.pdf>
 [54

]
File: img/Znak_podstawowy_PL.pdf Graphic file (type pdf)
<use img/Znak_podstawowy_PL.pdf>
 [55

]
File: img/Znak_podstawowy_PL.pdf Graphic file (type pdf)
<use img/Znak_podstawowy_PL.pdf>
 [56

]
File: img/Znak_podstawowy_PL.pdf Graphic file (type pdf)
<use img/Znak_podstawowy_PL.pdf>
 [57

]
File: ./images//dog.jpg Graphic file (type bmp)
<./images//dog.jpg>
File: img/Znak_podstawowy_PL.pdf Graphic file (type pdf)
<use img/Znak_podstawowy_PL.pdf>
 [58

]
File: ./images//questions.png Graphic file (type bmp)
<./images//questions.png>

Overfull \vbox (111.84758pt too high) detected at line 455
 []

File: img/Znak_podstawowy_PL.pdf Graphic file (type pdf)
<use img/Znak_podstawowy_PL.pdf>
[59

]
File: beamericonarticle.pdf Graphic file (type pdf)
<use beamericonarticle.pdf>
File: beamericonbook.pdf Graphic file (type pdf)
<use beamericonbook.pdf>
File: img/Znak_podstawowy_PL.pdf Graphic file (type pdf)
<use img/Znak_podstawowy_PL.pdf>
 [60

]
File: img/Znak_podstawowy_PL.pdf Graphic file (type pdf)
<use img/Znak_podstawowy_PL.pdf>
 [61

]
\tf@nav=\write6
\openout6 = `prez.nav'.

\tf@toc=\write7
\openout7 = `prez.toc'.

\tf@snm=\write8
\openout8 = `prez.snm'.

 (prez.aux)

LaTeX Font Warning: Some font shapes were not available, defaults substituted.

Package rerunfilecheck Info: File `prez.out' has not changed.
(rerunfilecheck)             Checksum: 0D8286E85B5E9EFBA6761558B018608B;1099.
 ) 
Here is how much of TeX's memory you used:
 24905 strings out of 410670
 519460 string characters out of 2820971
 834858 words of memory out of 3000000
 45390 multiletter control sequences out of 15000+600000
 484102 words of font info for 100 fonts, out of 8000000 for 9000
 1348 hyphenation exceptions out of 8191
 128i,14n,122p,419b,608s stack positions out of 10000i,1000n,20000p,200000b,80000s

Output written on prez.pdf (61 pages).
